<testsuites id="" name="" tests="21" failures="2" skipped="8" errors="0" time="144.64064100000002">
<testsuite name="cart.spec.ts" timestamp="2026-06-04T09:09:32.145Z" hostname="chromium" tests="21" failures="2" skipped="8" time="536.562" errors="0">
<testcase name="Tính năng Giỏ hàng (Cart) › TC-CART-S1-001: Thêm mới một sản phẩm hợp lệ vào giỏ rỗng" classname="cart.spec.ts" time="46.346">
</testcase>
<testcase name="Tính năng Giỏ hàng (Cart) › TC-CART-S1-002: Add trùng SKU phải tăng số lượng, không tạo dòng mới" classname="cart.spec.ts" time="33.519">
</testcase>
<testcase name="Tính năng Giỏ hàng (Cart) › TC-CART-S1-003: Thêm sản phẩm hết hàng phải bị chặn ở UI" classname="cart.spec.ts">
<properties>
<property name="skip" value="Chưa có SP hết hàng trong cart.data.ts — cần bổ sung URL sản phẩm out-of-stock">
</property>
</properties>
<skipped>
</skipped>
</testcase>
<testcase name="Tính năng Giỏ hàng (Cart) › TC-CART-S1-004: Spam click khi mạng chậm không nhân đôi dòng sản phẩm" classname="cart.spec.ts">
<properties>
<property name="skip" value="Bật RUN_CART_NETWORK=1 để chạy test mô phỏng mạng chậm">
</property>
</properties>
<skipped>
</skipped>
</testcase>
<testcase name="Tính năng Giỏ hàng (Cart) › TC-CART-S2-001: Chọn / bỏ chọn item phải cập nhật subtotal chính xác" classname="cart.spec.ts" time="88.678">
</testcase>
<testcase name="Tính năng Giỏ hàng (Cart) › TC-CART-S2-002: Reload trang phải giữ trạng thái chọn / bỏ chọn" classname="cart.spec.ts" time="73.812">
</testcase>
<testcase name="Tính năng Giỏ hàng (Cart) › TC-CART-S3-001: Nhập đúng cận dưới hợp lệ (qty = 1)" classname="cart.spec.ts" time="25.711">
<system-out>
<![CDATA[
[[ATTACHMENT|test-results\cart-Tính-năng-Giỏ-hàng-Ca-d881d-đúng-cận-dưới-hợp-lệ-qty-1--chromium\test-failed-1.png]]

[[ATTACHMENT|test-results\cart-Tính-năng-Giỏ-hàng-Ca-d881d-đúng-cận-dưới-hợp-lệ-qty-1--chromium\video.webm]]

[[ATTACHMENT|test-results\cart-Tính-năng-Giỏ-hàng-Ca-d881d-đúng-cận-dưới-hợp-lệ-qty-1--chromium\error-context.md]]

[[ATTACHMENT|test-results\cart-Tính-năng-Giỏ-hàng-Ca-d881d-đúng-cận-dưới-hợp-lệ-qty-1--chromium\trace.zip]]
]]>
</system-out>
<failure message="expect(received).toBe(expected) // Object.is equality" type="expect.toBe">
<![CDATA[  [chromium] › cart.spec.ts:162:7 › Tính năng Giỏ hàng (Cart) › TC-CART-S3-001: Nhập đúng cận dưới hợp lệ (qty = 1) 

    Error: expect(received).toBe(expected) // Object.is equality

    Expected: true
    Received: false

      170 |
      171 |     expect(await cartPage.getQuantity(product.name)).toBe(1);
    > 172 |     expect(await cartPage.isDecreaseQtyDisabled(product.name)).toBe(true);
          |                                                                ^
      173 |     expect(await cartPage.getLineTotal(product.name)).toBe(product.price);
      174 |   });
      175 |
        at C:\Users\ThinkPad T14s\Downloads\nam4\ki2\dot2\kiemthu\giuaky\code\tests\cart.spec.ts:172:64

    attachment #1: screenshot (image/png) ──────────────────────────────────────────────────────────
    ..\test-results\cart-Tính-năng-Giỏ-hàng-Ca-d881d-đúng-cận-dưới-hợp-lệ-qty-1--chromium\test-failed-1.png
    ────────────────────────────────────────────────────────────────────────────────────────────────

    attachment #2: video (video/webm) ──────────────────────────────────────────────────────────────
    ..\test-results\cart-Tính-năng-Giỏ-hàng-Ca-d881d-đúng-cận-dưới-hợp-lệ-qty-1--chromium\video.webm
    ────────────────────────────────────────────────────────────────────────────────────────────────

    Error Context: ..\test-results\cart-Tính-năng-Giỏ-hàng-Ca-d881d-đúng-cận-dưới-hợp-lệ-qty-1--chromium\error-context.md

    attachment #4: trace (application/zip) ─────────────────────────────────────────────────────────
    ..\test-results\cart-Tính-năng-Giỏ-hàng-Ca-d881d-đúng-cận-dưới-hợp-lệ-qty-1--chromium\trace.zip
    Usage:

        npx playwright show-trace ..\test-results\cart-Tính-năng-Giỏ-hàng-Ca-d881d-đúng-cận-dưới-hợp-lệ-qty-1--chromium\trace.zip

    ────────────────────────────────────────────────────────────────────────────────────────────────
]]>
</failure>
</testcase>
<testcase name="Tính năng Giỏ hàng (Cart) › TC-CART-S3-002: Nhập đúng cận trên hợp lệ (qty = stock max)" classname="cart.spec.ts" time="23.406">
</testcase>
<testcase name="Tính năng Giỏ hàng (Cart) › TC-CART-S3-003: Nhập vượt cận trên phải bị chặn" classname="cart.spec.ts" time="24.018">
</testcase>
<testcase name="Tính năng Giỏ hàng (Cart) › TC-CART-S3-004: Nhập biên dưới không hợp lệ và giá trị rỗng" classname="cart.spec.ts" time="28.391">
</testcase>
<testcase name="Tính năng Giỏ hàng (Cart) › TC-CART-S3-005: Paste ký tự bẩn không làm vỡ state" classname="cart.spec.ts" time="31.184">
</testcase>
<testcase name="Tính năng Giỏ hàng (Cart) › TC-CART-S4-001: Dưới ngưỡng freeship — hiển thị số tiền cần thêm" classname="cart.spec.ts" time="40.11">
</testcase>
<testcase name="Tính năng Giỏ hàng (Cart) › TC-CART-S4-002: Đạt ngưỡng freeship (subtotal &gt;= 500.000đ)" classname="cart.spec.ts" time="50.993">
<system-out>
<![CDATA[
[[ATTACHMENT|test-results\cart-Tính-năng-Giỏ-hàng-Ca-f8f63-freeship-subtotal-500-000đ--chromium\test-failed-1.png]]

[[ATTACHMENT|test-results\cart-Tính-năng-Giỏ-hàng-Ca-f8f63-freeship-subtotal-500-000đ--chromium\video.webm]]

[[ATTACHMENT|test-results\cart-Tính-năng-Giỏ-hàng-Ca-f8f63-freeship-subtotal-500-000đ--chromium\error-context.md]]

[[ATTACHMENT|test-results\cart-Tính-năng-Giỏ-hàng-Ca-f8f63-freeship-subtotal-500-000đ--chromium\trace.zip]]
]]>
</system-out>
<failure message="expect(locator).toBeVisible() failed" type="expect.toBeVisible">
<![CDATA[  [chromium] › cart.spec.ts:272:7 › Tính năng Giỏ hàng (Cart) › TC-CART-S4-002: Đạt ngưỡng freeship (subtotal >= 500.000đ) 

    Error: expect(locator).toBeVisible() failed

    Locator:  locator('#block-totals, .fhs_checkout_event_promotion').first()
    Expected: visible
    Received: hidden
    Timeout:  10000ms

    Call log:
      - Expect "toBeVisible" with timeout 10000ms
      - waiting for locator('#block-totals, .fhs_checkout_event_promotion').first()
        23 × locator resolved to <div class="fhs_checkout_event_promotion">…</div>
           - unexpected value "hidden"


      283 |     expect(subtotal).toBeGreaterThanOrEqual(data.FREESHIP_THRESHOLD);
      284 |
    > 285 |     await expect(cartPage.promoBlock.first()).toBeVisible({ timeout: 10000 });
          |                                               ^
      286 |   });
      287 |
      288 |   test("TC-CART-S4-003: Sát ngưỡng voucher 70k nhưng chưa đủ", async () => {
        at C:\Users\ThinkPad T14s\Downloads\nam4\ki2\dot2\kiemthu\giuaky\code\tests\cart.spec.ts:285:47

    attachment #1: screenshot (image/png) ──────────────────────────────────────────────────────────
    ..\test-results\cart-Tính-năng-Giỏ-hàng-Ca-f8f63-freeship-subtotal-500-000đ--chromium\test-failed-1.png
    ────────────────────────────────────────────────────────────────────────────────────────────────

    attachment #2: video (video/webm) ──────────────────────────────────────────────────────────────
    ..\test-results\cart-Tính-năng-Giỏ-hàng-Ca-f8f63-freeship-subtotal-500-000đ--chromium\video.webm
    ────────────────────────────────────────────────────────────────────────────────────────────────

    Error Context: ..\test-results\cart-Tính-năng-Giỏ-hàng-Ca-f8f63-freeship-subtotal-500-000đ--chromium\error-context.md

    attachment #4: trace (application/zip) ─────────────────────────────────────────────────────────
    ..\test-results\cart-Tính-năng-Giỏ-hàng-Ca-f8f63-freeship-subtotal-500-000đ--chromium\trace.zip
    Usage:

        npx playwright show-trace ..\test-results\cart-Tính-năng-Giỏ-hàng-Ca-f8f63-freeship-subtotal-500-000đ--chromium\trace.zip

    ────────────────────────────────────────────────────────────────────────────────────────────────
]]>
</failure>
</testcase>
<testcase name="Tính năng Giỏ hàng (Cart) › TC-CART-S4-003: Sát ngưỡng voucher 70k nhưng chưa đủ" classname="cart.spec.ts">
<properties>
<property name="skip" value="Cần dựng giỏ chính xác 998.999đ — khó đạt chính xác trên dữ liệu SP hiện tại">
</property>
</properties>
<skipped>
</skipped>
</testcase>
<testcase name="Tính năng Giỏ hàng (Cart) › TC-CART-S4-004: Giảm subtotal phải recalculation voucher" classname="cart.spec.ts">
<properties>
<property name="skip" value="Bật RUN_CART_PROMO=1 để chạy test voucher phức tạp (cần đăng nhập / mã KM)">
</property>
</properties>
<skipped>
</skipped>
</testcase>
<testcase name="Tính năng Giỏ hàng (Cart) › TC-CART-S5-001: Xóa item đang tick nhưng giỏ vẫn còn item khác" classname="cart.spec.ts" time="44.712">
</testcase>
<testcase name="Tính năng Giỏ hàng (Cart) › TC-CART-S5-002: Xóa item cuối cùng phải chuyển sang empty state" classname="cart.spec.ts" time="23.635">
</testcase>
<testcase name="Tính năng Giỏ hàng (Cart) › TC-CART-S6-001: Merge giỏ khi login với cùng SKU phải cộng dồn đúng quy tắc" classname="cart.spec.ts">
<properties>
<property name="skip" value="Bật RUN_CART_LOGIN=1 — test cần đăng nhập (có thể gặp reCAPTCHA)">
</property>
</properties>
<skipped>
</skipped>
</testcase>
<testcase name="Tính năng Giỏ hàng (Cart) › TC-CART-S6-002: Merge giỏ khi login với SKU khác nhau phải giữ đủ cả hai" classname="cart.spec.ts">
<properties>
<property name="skip" value="Bật RUN_CART_LOGIN=1 — test cần đăng nhập (có thể gặp reCAPTCHA)">
</property>
</properties>
<skipped>
</skipped>
</testcase>
<testcase name="Tính năng Giỏ hàng (Cart) › TC-CART-S6-003: Session stale không được làm mất guest cart" classname="cart.spec.ts">
<properties>
<property name="skip" value="Bật RUN_CART_LOGIN=1 — test cần mô phỏng session expire">
</property>
</properties>
<skipped>
</skipped>
</testcase>
<testcase name="Tính năng Giỏ hàng (Cart) › TC-CART-S7-001: Thêm vượt quá giới hạn dòng sản phẩm tối đa" classname="cart.spec.ts">
<properties>
<property name="skip" value="Cần 100+ SKU khác nhau — không khả thi trong phạm vi kiểm thử tự động thường">
</property>
</properties>
<skipped>
</skipped>
</testcase>
</testsuite>
</testsuites>