<testsuites id="" name="" tests="18" failures="5" skipped="0" errors="2" time="326.12274699999995">
<testsuite name="search.spec.ts" timestamp="2026-06-07T07:47:53.887Z" hostname="chromium" tests="18" failures="5" skipped="0" time="1118.646" errors="2">
<testcase name="Tính năng Tìm kiếm (Search) › TC-SEARCH-S1-001: Tìm kiếm chính xác tuyệt đối (Exact Match)" classname="search.spec.ts" time="58.009">
</testcase>
<testcase name="Tính năng Tìm kiếm (Search) › TC-SEARCH-S1-002: Tìm kiếm mập mờ, một phần từ khóa (Partial Match)" classname="search.spec.ts" time="68.895">
</testcase>
<testcase name="Tính năng Tìm kiếm (Search) › TC-SEARCH-S1-003: Tìm kiếm tiếng Việt không dấu (Accent Insensitive)" classname="search.spec.ts" time="56.205">
</testcase>
<testcase name="Tính năng Tìm kiếm (Search) › TC-SEARCH-S1-004: Tìm kiếm bằng mã định danh sản phẩm (SKU / ISBN)" classname="search.spec.ts" time="58.495">
</testcase>
<testcase name="Tính năng Tìm kiếm (Search) › TC-SEARCH-S2-001: Tìm kiếm với khoảng trống (Empty Input)" classname="search.spec.ts" time="61.95">
</testcase>
<testcase name="Tính năng Tìm kiếm (Search) › TC-SEARCH-S2-002: Tìm kiếm chứa ký tự đặc biệt" classname="search.spec.ts" time="53.806">
</testcase>
<testcase name="Tính năng Tìm kiếm (Search) › TC-SEARCH-S2-003: Tìm kiếm từ khóa vô nghĩa (Not Found)" classname="search.spec.ts" time="52.93">
</testcase>
<testcase name="Tính năng Tìm kiếm (Search) › TC-SEARCH-S2-004: Tự động cắt khoảng trắng thừa (Input Trimming)" classname="search.spec.ts" time="45.908">
</testcase>
<testcase name="Tính năng Tìm kiếm (Search) › TC-SEARCH-S3-001: Kiểm tra giới hạn độ dài từ khóa (Boundary Length)" classname="search.spec.ts" time="99.818">
</testcase>
<testcase name="Tính năng Tìm kiếm (Search) › TC-SEARCH-S4-001: Lọc kết quả tìm kiếm theo khoảng giá (Price Filter)" classname="search.spec.ts" time="109.862">
<system-out>
<![CDATA[
[[ATTACHMENT|test-results\search-Tính-năng-Tìm-kiếm--5a6e2-eo-khoảng-giá-Price-Filter--chromium\video.webm]]

[[ATTACHMENT|test-results\search-Tính-năng-Tìm-kiếm--5a6e2-eo-khoảng-giá-Price-Filter--chromium\error-context.md]]

[[ATTACHMENT|test-results\search-Tính-năng-Tìm-kiếm--5a6e2-eo-khoảng-giá-Price-Filter--chromium\trace.zip]]
]]>
</system-out>
<error message="locator.waitFor: Timeout 15000ms exceeded." type="TimeoutError">
<![CDATA[  [chromium] › search.spec.ts:177:7 › Tính năng Tìm kiếm (Search) › TC-SEARCH-S4-001: Lọc kết quả tìm kiếm theo khoảng giá (Price Filter) › Từ khóa "tâm lý học" lọc khoảng: Giá cao (200k - 500k) 

    TimeoutError: locator.waitFor: Timeout 15000ms exceeded.
    Call log:
      - waiting for locator('input[name="min"].min-input') to be visible


       at ..\pages\SearchPage.ts:174

      172 |
      173 |   async applyCustomPriceFilter(min: number, max: number) {
    > 174 |     await this.priceMinInput.waitFor({ state: "visible" });
          |                              ^
      175 |     await this.priceMinInput.fill(min.toString());
      176 |     await this.priceMaxInput.fill(max.toString());
      177 |
        at SearchPage.applyCustomPriceFilter (C:\Users\ThinkPad T14s\Downloads\nam4\ki2\dot2\kiemthu\giuaky\code\pages\SearchPage.ts:174:30)
        at C:\Users\ThinkPad T14s\Downloads\nam4\ki2\dot2\kiemthu\giuaky\code\tests\search.spec.ts:183:26
        at C:\Users\ThinkPad T14s\Downloads\nam4\ki2\dot2\kiemthu\giuaky\code\tests\search.spec.ts:180:7

    attachment #1: video (video/webm) ──────────────────────────────────────────────────────────────
    ..\test-results\search-Tính-năng-Tìm-kiếm--5a6e2-eo-khoảng-giá-Price-Filter--chromium\video.webm
    ────────────────────────────────────────────────────────────────────────────────────────────────

    Error Context: ..\test-results\search-Tính-năng-Tìm-kiếm--5a6e2-eo-khoảng-giá-Price-Filter--chromium\error-context.md

    attachment #3: trace (application/zip) ─────────────────────────────────────────────────────────
    ..\test-results\search-Tính-năng-Tìm-kiếm--5a6e2-eo-khoảng-giá-Price-Filter--chromium\trace.zip
    Usage:

        npx playwright show-trace ..\test-results\search-Tính-năng-Tìm-kiếm--5a6e2-eo-khoảng-giá-Price-Filter--chromium\trace.zip

    ────────────────────────────────────────────────────────────────────────────────────────────────
]]>
</error>
</testcase>
<testcase name="Tính năng Tìm kiếm (Search) › TC-SEARCH-S4-002: Lọc kết quả tìm kiếm theo Nhà xuất bản (Publisher Filter)" classname="search.spec.ts" time="108.946">
</testcase>
<testcase name="Tính năng Tìm kiếm (Search) › TC-SEARCH-S5-001: Kết hợp Tìm kiếm từ khóa và click Bộ lọc cùng lúc" classname="search.spec.ts" time="60.067">
<system-out>
<![CDATA[
[[ATTACHMENT|test-results\search-Tính-năng-Tìm-kiếm--891bc-óa-và-click-Bộ-lọc-cùng-lúc-chromium\test-failed-1.png]]

[[ATTACHMENT|test-results\search-Tính-năng-Tìm-kiếm--891bc-óa-và-click-Bộ-lọc-cùng-lúc-chromium\error-context.md]]

[[ATTACHMENT|test-results\search-Tính-năng-Tìm-kiếm--891bc-óa-và-click-Bộ-lọc-cùng-lúc-chromium\trace.zip]]
]]>
</system-out>
<error message="Test timeout of 30000ms exceeded." type="Error">
<![CDATA[  [chromium] › search.spec.ts:260:7 › Tính năng Tìm kiếm (Search) › TC-SEARCH-S5-001: Kết hợp Tìm kiếm từ khóa và click Bộ lọc cùng lúc 

    Test timeout of 30000ms exceeded.

    Error: expect(locator).toHaveClass(expected) failed

    Locator: locator('.block-content.catalog-list').locator('a[key="publisher"][value="NXB Dân Trí"]').first()
    Expected pattern: /m-checkbox-checked/
    Received string:  "cursor-pointer m-checkbox-unchecked"
    Timeout: 15000ms

    Call log:
      - Expect "toHaveClass" with timeout 15000ms
      - waiting for locator('.block-content.catalog-list').locator('a[key="publisher"][value="NXB Dân Trí"]').first()
        29 × locator resolved to <a key="publisher" value="NXB Dân Trí" title="NXB Dân Trí" onclick="addFilterActionDom(this, 'any')" class="cursor-pointer m-checkbox-unchecked">NXB Dân Trí</a>
           - unexpected value "cursor-pointer m-checkbox-unchecked"


       at ..\pages\SearchPage.ts:167

      165 |
      166 |     // Chờ UI cập nhật trạng thái đã tick thay vì chờ bắt request
    > 167 |     await expect(filterOption).toHaveClass(/m-checkbox-checked/, {
          |                                ^
      168 |       timeout: 15000,
      169 |     });
      170 |     await this.page.waitForTimeout(1000); // Đợi 1 nhịp cho DOM lưới sản phẩm render lại
        at SearchPage.applyFilterByValue (C:\Users\ThinkPad T14s\Downloads\nam4\ki2\dot2\kiemthu\giuaky\code\pages\SearchPage.ts:167:32)
        at C:\Users\ThinkPad T14s\Downloads\nam4\ki2\dot2\kiemthu\giuaky\code\tests\search.spec.ts:267:7
        at C:\Users\ThinkPad T14s\Downloads\nam4\ki2\dot2\kiemthu\giuaky\code\tests\search.spec.ts:263:5

    Tearing down "context" exceeded the test timeout of 30000ms.

    Error: browserContext.close: Target page, context or browser has been closed

    attachment #1: screenshot (image/png) ──────────────────────────────────────────────────────────
    ..\test-results\search-Tính-năng-Tìm-kiếm--891bc-óa-và-click-Bộ-lọc-cùng-lúc-chromium\test-failed-1.png
    ────────────────────────────────────────────────────────────────────────────────────────────────

    Error Context: ..\test-results\search-Tính-năng-Tìm-kiếm--891bc-óa-và-click-Bộ-lọc-cùng-lúc-chromium\error-context.md

    attachment #3: trace (application/zip) ─────────────────────────────────────────────────────────
    ..\test-results\search-Tính-năng-Tìm-kiếm--891bc-óa-và-click-Bộ-lọc-cùng-lúc-chromium\trace.zip
    Usage:

        npx playwright show-trace ..\test-results\search-Tính-năng-Tìm-kiếm--891bc-óa-và-click-Bộ-lọc-cùng-lúc-chromium\trace.zip

    ────────────────────────────────────────────────────────────────────────────────────────────────
]]>
</error>
</testcase>
<testcase name="Tính năng Tìm kiếm (Search) › TC-SEARCH-S5-002: Kiểm tra hiệu năng phản hồi cơ bản (Search Performance)" classname="search.spec.ts" time="46.913">
<system-out>
<![CDATA[
[[ATTACHMENT|test-results\search-Tính-năng-Tìm-kiếm--371d7--cơ-bản-Search-Performance--chromium\test-failed-1.png]]

[[ATTACHMENT|test-results\search-Tính-năng-Tìm-kiếm--371d7--cơ-bản-Search-Performance--chromium\video.webm]]

[[ATTACHMENT|test-results\search-Tính-năng-Tìm-kiếm--371d7--cơ-bản-Search-Performance--chromium\error-context.md]]

[[ATTACHMENT|test-results\search-Tính-năng-Tìm-kiếm--371d7--cơ-bản-Search-Performance--chromium\trace.zip]]
]]>
</system-out>
<failure message="Lỗi Hiệu năng: Tìm kiếm &quot;harry potter&quot; tốn 15616ms (Vượt quá 5000ms)" type="expect.toBeLessThanOrEqual">
<![CDATA[  [chromium] › search.spec.ts:277:7 › Tính năng Tìm kiếm (Search) › TC-SEARCH-S5-002: Kiểm tra hiệu năng phản hồi cơ bản (Search Performance) 

    Error: Lỗi Hiệu năng: Tìm kiếm "harry potter" tốn 15616ms (Vượt quá 5000ms)

    expect(received).toBeLessThanOrEqual(expected)

    Expected: <= 5000
    Received:    15616

      293 |       loadTime,
      294 |       `Lỗi Hiệu năng: Tìm kiếm "${keyword}" tốn ${loadTime}ms (Vượt quá ${maxAcceptableTimeMs}ms)`,
    > 295 |     ).toBeLessThanOrEqual(maxAcceptableTimeMs);
          |       ^
      296 |   });
      297 |
      298 |   test("TC-SEARCH-S5-003: Nhận diện dung sai lỗi chính tả (Thiếu ký tự)", async () => {
        at C:\Users\ThinkPad T14s\Downloads\nam4\ki2\dot2\kiemthu\giuaky\code\tests\search.spec.ts:295:7

    attachment #1: screenshot (image/png) ──────────────────────────────────────────────────────────
    ..\test-results\search-Tính-năng-Tìm-kiếm--371d7--cơ-bản-Search-Performance--chromium\test-failed-1.png
    ────────────────────────────────────────────────────────────────────────────────────────────────

    attachment #2: video (video/webm) ──────────────────────────────────────────────────────────────
    ..\test-results\search-Tính-năng-Tìm-kiếm--371d7--cơ-bản-Search-Performance--chromium\video.webm
    ────────────────────────────────────────────────────────────────────────────────────────────────

    Error Context: ..\test-results\search-Tính-năng-Tìm-kiếm--371d7--cơ-bản-Search-Performance--chromium\error-context.md

    attachment #4: trace (application/zip) ─────────────────────────────────────────────────────────
    ..\test-results\search-Tính-năng-Tìm-kiếm--371d7--cơ-bản-Search-Performance--chromium\trace.zip
    Usage:

        npx playwright show-trace ..\test-results\search-Tính-năng-Tìm-kiếm--371d7--cơ-bản-Search-Performance--chromium\trace.zip

    ────────────────────────────────────────────────────────────────────────────────────────────────
]]>
</failure>
</testcase>
<testcase name="Tính năng Tìm kiếm (Search) › TC-SEARCH-S5-003: Nhận diện dung sai lỗi chính tả (Thiếu ký tự)" classname="search.spec.ts" time="47.792">
<system-out>
<![CDATA[
[[ATTACHMENT|test-results\search-Tính-năng-Tìm-kiếm--ffcfb-i-lỗi-chính-tả-Thiếu-ký-tự--chromium\test-failed-1.png]]

[[ATTACHMENT|test-results\search-Tính-năng-Tìm-kiếm--ffcfb-i-lỗi-chính-tả-Thiếu-ký-tự--chromium\video.webm]]

[[ATTACHMENT|test-results\search-Tính-năng-Tìm-kiếm--ffcfb-i-lỗi-chính-tả-Thiếu-ký-tự--chromium\error-context.md]]

[[ATTACHMENT|test-results\search-Tính-năng-Tìm-kiếm--ffcfb-i-lỗi-chính-tả-Thiếu-ký-tự--chromium\trace.zip]]
]]>
</system-out>
<failure message="expect(locator).toBeVisible() failed" type="expect.toBeVisible">
<![CDATA[  [chromium] › search.spec.ts:298:7 › Tính năng Tìm kiếm (Search) › TC-SEARCH-S5-003: Nhận diện dung sai lỗi chính tả (Thiếu ký tự) › [Thiếu ký tự] Nhập "hry potter", kỳ vọng ra "harry potter" 

    Error: expect(locator).toBeVisible() failed

    Locator: locator('h2.product-name-no-ellipsis a, h2.p-name-list a, .products-grid .p-name-list a').first()
    Expected: visible
    Timeout: 15000ms
    Error: element(s) not found

    Call log:
      - Expect "toBeVisible" with timeout 15000ms
      - waiting for locator('h2.product-name-no-ellipsis a, h2.p-name-list a, .products-grid .p-name-list a').first()


       at ..\pages\SearchPage.ts:120

      118 |
      119 |   async expectProductListVisible() {
    > 120 |     await expect(this.productTitleLinks.first()).toBeVisible({
          |                                                  ^
      121 |       timeout: 15000,
      122 |     });
      123 |   }
        at SearchPage.expectProductListVisible (C:\Users\ThinkPad T14s\Downloads\nam4\ki2\dot2\kiemthu\giuaky\code\pages\SearchPage.ts:120:50)
        at SearchPage.getTopProductTitles (C:\Users\ThinkPad T14s\Downloads\nam4\ki2\dot2\kiemthu\giuaky\code\pages\SearchPage.ts:126:16)
        at C:\Users\ThinkPad T14s\Downloads\nam4\ki2\dot2\kiemthu\giuaky\code\tests\search.spec.ts:308:44
        at C:\Users\ThinkPad T14s\Downloads\nam4\ki2\dot2\kiemthu\giuaky\code\tests\search.spec.ts:305:7

    attachment #1: screenshot (image/png) ──────────────────────────────────────────────────────────
    ..\test-results\search-Tính-năng-Tìm-kiếm--ffcfb-i-lỗi-chính-tả-Thiếu-ký-tự--chromium\test-failed-1.png
    ────────────────────────────────────────────────────────────────────────────────────────────────

    attachment #2: video (video/webm) ──────────────────────────────────────────────────────────────
    ..\test-results\search-Tính-năng-Tìm-kiếm--ffcfb-i-lỗi-chính-tả-Thiếu-ký-tự--chromium\video.webm
    ────────────────────────────────────────────────────────────────────────────────────────────────

    Error Context: ..\test-results\search-Tính-năng-Tìm-kiếm--ffcfb-i-lỗi-chính-tả-Thiếu-ký-tự--chromium\error-context.md

    attachment #4: trace (application/zip) ─────────────────────────────────────────────────────────
    ..\test-results\search-Tính-năng-Tìm-kiếm--ffcfb-i-lỗi-chính-tả-Thiếu-ký-tự--chromium\trace.zip
    Usage:

        npx playwright show-trace ..\test-results\search-Tính-năng-Tìm-kiếm--ffcfb-i-lỗi-chính-tả-Thiếu-ký-tự--chromium\trace.zip

    ────────────────────────────────────────────────────────────────────────────────────────────────
]]>
</failure>
</testcase>
<testcase name="Tính năng Tìm kiếm (Search) › TC-SEARCH-S5-004: Nhận diện dung sai lỗi chính tả (Thừa ký tự)" classname="search.spec.ts" time="44.397">
<system-out>
<![CDATA[
[[ATTACHMENT|test-results\search-Tính-năng-Tìm-kiếm--4551e-ai-lỗi-chính-tả-Thừa-ký-tự--chromium\test-failed-1.png]]

[[ATTACHMENT|test-results\search-Tính-năng-Tìm-kiếm--4551e-ai-lỗi-chính-tả-Thừa-ký-tự--chromium\video.webm]]

[[ATTACHMENT|test-results\search-Tính-năng-Tìm-kiếm--4551e-ai-lỗi-chính-tả-Thừa-ký-tự--chromium\error-context.md]]
]]>
</system-out>
<failure message="Lỗi [Thừa ký tự]: Không nhận diện được &quot;không giia đình&quot;" type="expect.toBe">
<![CDATA[  [chromium] › search.spec.ts:320:7 › Tính năng Tìm kiếm (Search) › TC-SEARCH-S5-004: Nhận diện dung sai lỗi chính tả (Thừa ký tự) › [Thừa ký tự] Nhập "không giia đình", kỳ vọng ra "không gia đình" 

    Error: Lỗi [Thừa ký tự]: Không nhận diện được "không giia đình"

    expect(received).toBe(expected) // Object.is equality

    Expected: true
    Received: false

      335 |           isMatch,
      336 |           `Lỗi [${item.category}]: Không nhận diện được "${item.typo}"`,
    > 337 |         ).toBe(true);
          |           ^
      338 |       });
      339 |     }
      340 |   });
        at C:\Users\ThinkPad T14s\Downloads\nam4\ki2\dot2\kiemthu\giuaky\code\tests\search.spec.ts:337:11
        at C:\Users\ThinkPad T14s\Downloads\nam4\ki2\dot2\kiemthu\giuaky\code\tests\search.spec.ts:327:7

    Test timeout of 30000ms exceeded.

    attachment #1: screenshot (image/png) ──────────────────────────────────────────────────────────
    ..\test-results\search-Tính-năng-Tìm-kiếm--4551e-ai-lỗi-chính-tả-Thừa-ký-tự--chromium\test-failed-1.png
    ────────────────────────────────────────────────────────────────────────────────────────────────

    attachment #2: video (video/webm) ──────────────────────────────────────────────────────────────
    ..\test-results\search-Tính-năng-Tìm-kiếm--4551e-ai-lỗi-chính-tả-Thừa-ký-tự--chromium\video.webm
    ────────────────────────────────────────────────────────────────────────────────────────────────

    Error Context: ..\test-results\search-Tính-năng-Tìm-kiếm--4551e-ai-lỗi-chính-tả-Thừa-ký-tự--chromium\error-context.md
]]>
</failure>
</testcase>
<testcase name="Tính năng Tìm kiếm (Search) › TC-SEARCH-S5-005: Nhận diện dung sai lỗi chính tả (Đảo vị trí ký tự)" classname="search.spec.ts" time="45.82">
</testcase>
<testcase name="Tính năng Tìm kiếm (Search) › TC-SEARCH-S5-006: Nhận diện dung sai lỗi chính tả (Dính phím liền kề)" classname="search.spec.ts" time="47.664">
<system-out>
<![CDATA[
[[ATTACHMENT|test-results\search-Tính-năng-Tìm-kiếm--686d4-chính-tả-Dính-phím-liền-kề--chromium\test-failed-1.png]]

[[ATTACHMENT|test-results\search-Tính-năng-Tìm-kiếm--686d4-chính-tả-Dính-phím-liền-kề--chromium\video.webm]]

[[ATTACHMENT|test-results\search-Tính-năng-Tìm-kiếm--686d4-chính-tả-Dính-phím-liền-kề--chromium\error-context.md]]

[[ATTACHMENT|test-results\search-Tính-năng-Tìm-kiếm--686d4-chính-tả-Dính-phím-liền-kề--chromium\trace.zip]]
]]>
</system-out>
<failure message="expect(locator).toBeVisible() failed" type="expect.toBeVisible">
<![CDATA[  [chromium] › search.spec.ts:364:7 › Tính năng Tìm kiếm (Search) › TC-SEARCH-S5-006: Nhận diện dung sai lỗi chính tả (Dính phím liền kề) › [Dính phím] Nhập "jary potter", kỳ vọng ra "harry potter" 

    Error: expect(locator).toBeVisible() failed

    Locator: locator('h2.product-name-no-ellipsis a, h2.p-name-list a, .products-grid .p-name-list a').first()
    Expected: visible
    Timeout: 15000ms
    Error: element(s) not found

    Call log:
      - Expect "toBeVisible" with timeout 15000ms
      - waiting for locator('h2.product-name-no-ellipsis a, h2.p-name-list a, .products-grid .p-name-list a').first()


       at ..\pages\SearchPage.ts:120

      118 |
      119 |   async expectProductListVisible() {
    > 120 |     await expect(this.productTitleLinks.first()).toBeVisible({
          |                                                  ^
      121 |       timeout: 15000,
      122 |     });
      123 |   }
        at SearchPage.expectProductListVisible (C:\Users\ThinkPad T14s\Downloads\nam4\ki2\dot2\kiemthu\giuaky\code\pages\SearchPage.ts:120:50)
        at SearchPage.getTopProductTitles (C:\Users\ThinkPad T14s\Downloads\nam4\ki2\dot2\kiemthu\giuaky\code\pages\SearchPage.ts:126:16)
        at C:\Users\ThinkPad T14s\Downloads\nam4\ki2\dot2\kiemthu\giuaky\code\tests\search.spec.ts:374:44
        at C:\Users\ThinkPad T14s\Downloads\nam4\ki2\dot2\kiemthu\giuaky\code\tests\search.spec.ts:371:7

    attachment #1: screenshot (image/png) ──────────────────────────────────────────────────────────
    ..\test-results\search-Tính-năng-Tìm-kiếm--686d4-chính-tả-Dính-phím-liền-kề--chromium\test-failed-1.png
    ────────────────────────────────────────────────────────────────────────────────────────────────

    attachment #2: video (video/webm) ──────────────────────────────────────────────────────────────
    ..\test-results\search-Tính-năng-Tìm-kiếm--686d4-chính-tả-Dính-phím-liền-kề--chromium\video.webm
    ────────────────────────────────────────────────────────────────────────────────────────────────

    Error Context: ..\test-results\search-Tính-năng-Tìm-kiếm--686d4-chính-tả-Dính-phím-liền-kề--chromium\error-context.md

    attachment #4: trace (application/zip) ─────────────────────────────────────────────────────────
    ..\test-results\search-Tính-năng-Tìm-kiếm--686d4-chính-tả-Dính-phím-liền-kề--chromium\trace.zip
    Usage:

        npx playwright show-trace ..\test-results\search-Tính-năng-Tìm-kiếm--686d4-chính-tả-Dính-phím-liền-kề--chromium\trace.zip

    ────────────────────────────────────────────────────────────────────────────────────────────────
]]>
</failure>
</testcase>
<testcase name="Tính năng Tìm kiếm (Search) › TC-SEARCH-S5-007: Nhận diện dung sai lỗi chính tả (Lỗi gõ Telex/VNI)" classname="search.spec.ts" time="51.169">
<system-out>
<![CDATA[
[[ATTACHMENT|test-results\search-Tính-năng-Tìm-kiếm--1220e--chính-tả-Lỗi-gõ-Telex-VNI--chromium\test-failed-1.png]]

[[ATTACHMENT|test-results\search-Tính-năng-Tìm-kiếm--1220e--chính-tả-Lỗi-gõ-Telex-VNI--chromium\video.webm]]

[[ATTACHMENT|test-results\search-Tính-năng-Tìm-kiếm--1220e--chính-tả-Lỗi-gõ-Telex-VNI--chromium\error-context.md]]

[[ATTACHMENT|test-results\search-Tính-năng-Tìm-kiếm--1220e--chính-tả-Lỗi-gõ-Telex-VNI--chromium\trace.zip]]
]]>
</system-out>
<failure message="Lỗi [Lỗi Telex]: Không nhận diện được &quot;muono kieps nhana sinh&quot;" type="expect.toBe">
<![CDATA[  [chromium] › search.spec.ts:386:7 › Tính năng Tìm kiếm (Search) › TC-SEARCH-S5-007: Nhận diện dung sai lỗi chính tả (Lỗi gõ Telex/VNI) › [Lỗi Telex] Nhập "muono kieps nhana sinh", kỳ vọng ra "muôn kiếp nhân sinh" 

    Error: Lỗi [Lỗi Telex]: Không nhận diện được "muono kieps nhana sinh"

    expect(received).toBe(expected) // Object.is equality

    Expected: true
    Received: false

      402 |           isMatch,
      403 |           `Lỗi [${item.category}]: Không nhận diện được "${item.typo}"`,
    > 404 |         ).toBe(true);
          |           ^
      405 |       });
      406 |     }
      407 |   });
        at C:\Users\ThinkPad T14s\Downloads\nam4\ki2\dot2\kiemthu\giuaky\code\tests\search.spec.ts:404:11
        at C:\Users\ThinkPad T14s\Downloads\nam4\ki2\dot2\kiemthu\giuaky\code\tests\search.spec.ts:394:7

    attachment #1: screenshot (image/png) ──────────────────────────────────────────────────────────
    ..\test-results\search-Tính-năng-Tìm-kiếm--1220e--chính-tả-Lỗi-gõ-Telex-VNI--chromium\test-failed-1.png
    ────────────────────────────────────────────────────────────────────────────────────────────────

    attachment #2: video (video/webm) ──────────────────────────────────────────────────────────────
    ..\test-results\search-Tính-năng-Tìm-kiếm--1220e--chính-tả-Lỗi-gõ-Telex-VNI--chromium\video.webm
    ────────────────────────────────────────────────────────────────────────────────────────────────

    Error Context: ..\test-results\search-Tính-năng-Tìm-kiếm--1220e--chính-tả-Lỗi-gõ-Telex-VNI--chromium\error-context.md

    attachment #4: trace (application/zip) ─────────────────────────────────────────────────────────
    ..\test-results\search-Tính-năng-Tìm-kiếm--1220e--chính-tả-Lỗi-gõ-Telex-VNI--chromium\trace.zip
    Usage:

        npx playwright show-trace ..\test-results\search-Tính-năng-Tìm-kiếm--1220e--chính-tả-Lỗi-gõ-Telex-VNI--chromium\trace.zip

    ────────────────────────────────────────────────────────────────────────────────────────────────
]]>
</failure>
</testcase>
</testsuite>
</testsuites>